mode: set
tutorial.kubebuilder.io/cronjob/controllers/cronjob_controller.go:61.36,61.57 1 0
tutorial.kubebuilder.io/cronjob/controllers/cronjob_controller.go:89.78,106.65 4 0
tutorial.kubebuilder.io/cronjob/controllers/cronjob_controller.go:121.2,122.129 2 0
tutorial.kubebuilder.io/cronjob/controllers/cronjob_controller.go:153.2,163.73 5 0
tutorial.kubebuilder.io/cronjob/controllers/cronjob_controller.go:178.2,178.70 1 0
tutorial.kubebuilder.io/cronjob/controllers/cronjob_controller.go:192.2,192.38 1 0
tutorial.kubebuilder.io/cronjob/controllers/cronjob_controller.go:219.2,219.27 1 0
tutorial.kubebuilder.io/cronjob/controllers/cronjob_controller.go:224.2,225.39 2 0
tutorial.kubebuilder.io/cronjob/controllers/cronjob_controller.go:240.2,251.57 2 0
tutorial.kubebuilder.io/cronjob/controllers/cronjob_controller.go:268.2,268.48 1 0
tutorial.kubebuilder.io/cronjob/controllers/cronjob_controller.go:287.2,287.52 1 0
tutorial.kubebuilder.io/cronjob/controllers/cronjob_controller.go:313.2,313.58 1 0
tutorial.kubebuilder.io/cronjob/controllers/cronjob_controller.go:336.2,336.115 1 0
tutorial.kubebuilder.io/cronjob/controllers/cronjob_controller.go:392.2,393.16 2 0
tutorial.kubebuilder.io/cronjob/controllers/cronjob_controller.go:404.2,412.24 3 0
tutorial.kubebuilder.io/cronjob/controllers/cronjob_controller.go:418.2,420.49 3 0
tutorial.kubebuilder.io/cronjob/controllers/cronjob_controller.go:423.2,423.13 1 0
tutorial.kubebuilder.io/cronjob/controllers/cronjob_controller.go:436.2,436.85 1 0
tutorial.kubebuilder.io/cronjob/controllers/cronjob_controller.go:442.2,442.63 1 0
tutorial.kubebuilder.io/cronjob/controllers/cronjob_controller.go:467.2,467.103 1 0
tutorial.kubebuilder.io/cronjob/controllers/cronjob_controller.go:496.2,497.16 2 0
tutorial.kubebuilder.io/cronjob/controllers/cronjob_controller.go:504.2,504.43 1 0
tutorial.kubebuilder.io/cronjob/controllers/cronjob_controller.go:509.2,520.29 2 0
tutorial.kubebuilder.io/cronjob/controllers/cronjob_controller.go:106.65,112.3 2 0
tutorial.kubebuilder.io/cronjob/controllers/cronjob_controller.go:122.129,125.3 2 0
tutorial.kubebuilder.io/cronjob/controllers/cronjob_controller.go:163.73,164.43 1 0
tutorial.kubebuilder.io/cronjob/controllers/cronjob_controller.go:170.3,170.19 1 0
tutorial.kubebuilder.io/cronjob/controllers/cronjob_controller.go:164.43,165.104 1 0
tutorial.kubebuilder.io/cronjob/controllers/cronjob_controller.go:165.104,167.5 1 0
tutorial.kubebuilder.io/cronjob/controllers/cronjob_controller.go:178.70,180.24 2 0
tutorial.kubebuilder.io/cronjob/controllers/cronjob_controller.go:184.3,185.17 2 0
tutorial.kubebuilder.io/cronjob/controllers/cronjob_controller.go:188.3,188.26 1 0
tutorial.kubebuilder.io/cronjob/controllers/cronjob_controller.go:180.24,182.4 1 0
tutorial.kubebuilder.io/cronjob/controllers/cronjob_controller.go:185.17,187.4 1 0
tutorial.kubebuilder.io/cronjob/controllers/cronjob_controller.go:192.38,194.23 2 0
tutorial.kubebuilder.io/cronjob/controllers/cronjob_controller.go:205.3,206.17 2 0
tutorial.kubebuilder.io/cronjob/controllers/cronjob_controller.go:210.3,210.33 1 0
tutorial.kubebuilder.io/cronjob/controllers/cronjob_controller.go:195.11,196.56 1 0
tutorial.kubebuilder.io/cronjob/controllers/cronjob_controller.go:197.25,198.56 1 0
tutorial.kubebuilder.io/cronjob/controllers/cronjob_controller.go:199.27,200.64 1 0
tutorial.kubebuilder.io/cronjob/controllers/cronjob_controller.go:206.17,208.12 2 0
tutorial.kubebuilder.io/cronjob/controllers/cronjob_controller.go:210.33,211.29 1 0
tutorial.kubebuilder.io/cronjob/controllers/cronjob_controller.go:211.29,213.5 1 0
tutorial.kubebuilder.io/cronjob/controllers/cronjob_controller.go:213.10,213.58 1 0
tutorial.kubebuilder.io/cronjob/controllers/cronjob_controller.go:213.58,215.5 1 0
tutorial.kubebuilder.io/cronjob/controllers/cronjob_controller.go:219.27,221.3 1 0
tutorial.kubebuilder.io/cronjob/controllers/cronjob_controller.go:221.8,223.3 1 0
tutorial.kubebuilder.io/cronjob/controllers/cronjob_controller.go:225.39,227.17 2 0
tutorial.kubebuilder.io/cronjob/controllers/cronjob_controller.go:231.3,231.65 1 0
tutorial.kubebuilder.io/cronjob/controllers/cronjob_controller.go:227.17,229.12 2 0
tutorial.kubebuilder.io/cronjob/controllers/cronjob_controller.go:251.57,254.3 2 0
tutorial.kubebuilder.io/cronjob/controllers/cronjob_controller.go:268.48,269.46 1 0
tutorial.kubebuilder.io/cronjob/controllers/cronjob_controller.go:275.3,275.34 1 0
tutorial.kubebuilder.io/cronjob/controllers/cronjob_controller.go:269.46,270.45 1 0
tutorial.kubebuilder.io/cronjob/controllers/cronjob_controller.go:273.4,273.80 1 0
tutorial.kubebuilder.io/cronjob/controllers/cronjob_controller.go:270.45,272.5 1 0
tutorial.kubebuilder.io/cronjob/controllers/cronjob_controller.go:275.34,276.79 1 0
tutorial.kubebuilder.io/cronjob/controllers/cronjob_controller.go:279.4,279.130 1 0
tutorial.kubebuilder.io/cronjob/controllers/cronjob_controller.go:276.79,277.10 1 0
tutorial.kubebuilder.io/cronjob/controllers/cronjob_controller.go:279.130,281.5 1 0
tutorial.kubebuilder.io/cronjob/controllers/cronjob_controller.go:281.10,283.5 1 0
tutorial.kubebuilder.io/cronjob/controllers/cronjob_controller.go:287.52,288.50 1 0
tutorial.kubebuilder.io/cronjob/controllers/cronjob_controller.go:294.3,294.38 1 0
tutorial.kubebuilder.io/cronjob/controllers/cronjob_controller.go:288.50,289.49 1 0
tutorial.kubebuilder.io/cronjob/controllers/cronjob_controller.go:292.4,292.88 1 0
tutorial.kubebuilder.io/cronjob/controllers/cronjob_controller.go:289.49,291.5 1 0
tutorial.kubebuilder.io/cronjob/controllers/cronjob_controller.go:294.38,295.87 1 0
tutorial.kubebuilder.io/cronjob/controllers/cronjob_controller.go:298.4,298.109 1 0
tutorial.kubebuilder.io/cronjob/controllers/cronjob_controller.go:295.87,296.10 1 0
tutorial.kubebuilder.io/cronjob/controllers/cronjob_controller.go:298.109,300.5 1 0
tutorial.kubebuilder.io/cronjob/controllers/cronjob_controller.go:300.10,302.5 1 0
tutorial.kubebuilder.io/cronjob/controllers/cronjob_controller.go:313.58,316.3 2 0
tutorial.kubebuilder.io/cronjob/controllers/cronjob_controller.go:336.115,338.17 2 0
tutorial.kubebuilder.io/cronjob/controllers/cronjob_controller.go:345.3,346.45 2 0
tutorial.kubebuilder.io/cronjob/controllers/cronjob_controller.go:351.3,351.50 1 0
tutorial.kubebuilder.io/cronjob/controllers/cronjob_controller.go:359.3,359.30 1 0
tutorial.kubebuilder.io/cronjob/controllers/cronjob_controller.go:363.3,364.71 2 0
tutorial.kubebuilder.io/cronjob/controllers/cronjob_controller.go:386.3,386.42 1 0
tutorial.kubebuilder.io/cronjob/controllers/cronjob_controller.go:338.17,340.4 1 0
tutorial.kubebuilder.io/cronjob/controllers/cronjob_controller.go:346.45,348.4 1 0
tutorial.kubebuilder.io/cronjob/controllers/cronjob_controller.go:348.9,350.4 1 0
tutorial.kubebuilder.io/cronjob/controllers/cronjob_controller.go:351.50,355.46 2 0
tutorial.kubebuilder.io/cronjob/controllers/cronjob_controller.go:355.46,357.5 1 0
tutorial.kubebuilder.io/cronjob/controllers/cronjob_controller.go:359.30,361.4 1 0
tutorial.kubebuilder.io/cronjob/controllers/cronjob_controller.go:364.71,381.20 3 0
tutorial.kubebuilder.io/cronjob/controllers/cronjob_controller.go:381.20,384.5 1 0
tutorial.kubebuilder.io/cronjob/controllers/cronjob_controller.go:393.16,398.3 2 0
tutorial.kubebuilder.io/cronjob/controllers/cronjob_controller.go:412.24,415.3 2 0
tutorial.kubebuilder.io/cronjob/controllers/cronjob_controller.go:420.49,422.3 1 0
tutorial.kubebuilder.io/cronjob/controllers/cronjob_controller.go:423.13,427.3 2 0
tutorial.kubebuilder.io/cronjob/controllers/cronjob_controller.go:436.85,439.3 2 0
tutorial.kubebuilder.io/cronjob/controllers/cronjob_controller.go:442.63,443.40 1 0
tutorial.kubebuilder.io/cronjob/controllers/cronjob_controller.go:443.40,445.136 1 0
tutorial.kubebuilder.io/cronjob/controllers/cronjob_controller.go:445.136,448.5 2 0
tutorial.kubebuilder.io/cronjob/controllers/cronjob_controller.go:467.103,480.58 3 0
tutorial.kubebuilder.io/cronjob/controllers/cronjob_controller.go:483.3,484.53 2 0
tutorial.kubebuilder.io/cronjob/controllers/cronjob_controller.go:487.3,487.77 1 0
tutorial.kubebuilder.io/cronjob/controllers/cronjob_controller.go:491.3,491.18 1 0
tutorial.kubebuilder.io/cronjob/controllers/cronjob_controller.go:480.58,482.4 1 0
tutorial.kubebuilder.io/cronjob/controllers/cronjob_controller.go:484.53,486.4 1 0
tutorial.kubebuilder.io/cronjob/controllers/cronjob_controller.go:487.77,489.4 1 0
tutorial.kubebuilder.io/cronjob/controllers/cronjob_controller.go:497.16,501.3 2 0
tutorial.kubebuilder.io/cronjob/controllers/cronjob_controller.go:504.43,507.3 2 0
tutorial.kubebuilder.io/cronjob/controllers/cronjob_controller.go:542.70,544.20 1 0
tutorial.kubebuilder.io/cronjob/controllers/cronjob_controller.go:548.2,548.110 1 0
tutorial.kubebuilder.io/cronjob/controllers/cronjob_controller.go:566.2,569.14 1 0
tutorial.kubebuilder.io/cronjob/controllers/cronjob_controller.go:544.20,546.3 1 0
tutorial.kubebuilder.io/cronjob/controllers/cronjob_controller.go:548.110,552.19 3 0
tutorial.kubebuilder.io/cronjob/controllers/cronjob_controller.go:556.3,556.62 1 0
tutorial.kubebuilder.io/cronjob/controllers/cronjob_controller.go:561.3,561.30 1 0
tutorial.kubebuilder.io/cronjob/controllers/cronjob_controller.go:552.19,554.4 1 0
tutorial.kubebuilder.io/cronjob/controllers/cronjob_controller.go:556.62,558.4 1 0
tutorial.kubebuilder.io/cronjob/controllers/cronjob_controller.go:562.17,564.3 1 0
